0 info it worked if it ends with ok
1 verbose cli [ '/usr/local/bin/node', '/usr/local/bin/npm', 'run', 'watch' ]
2 info using npm@3.10.10
3 info using node@v6.9.3
4 verbose run-script [ 'prewatch', 'watch', 'postwatch' ]
5 info lifecycle SG50@0.0.1-13~prewatch: SG50@0.0.1-13
6 silly lifecycle SG50@0.0.1-13~prewatch: no script for prewatch, continuing
7 info lifecycle SG50@0.0.1-13~watch: SG50@0.0.1-13
8 verbose lifecycle SG50@0.0.1-13~watch: unsafe-perm in lifecycle true
9 verbose lifecycle SG50@0.0.1-13~watch: PATH: /usr/local/lib/node_modules/npm/bin/node-gyp-bin:/Users/samitha/Documents/PHD/newAtt/interactiveLights/webapp/node_modules/.bin:/usr/local/lib/node_modules/npm/bin/node-gyp-bin:/Users/samitha/Documents/PHD/newAtt/interactiveLights/webapp/node_modules/.bin:/Library/Frameworks/Python.framework/Versions/2.7/bin:/usr/local/bin:/usr/bin:/bin:/usr/sbin:/sbin
10 verbose lifecycle SG50@0.0.1-13~watch: CWD: /Users/samitha/Documents/PHD/newAtt/interactiveLights/webapp
11 silly lifecycle SG50@0.0.1-13~watch: Args: [ '-c',
11 silly lifecycle   'watchify client/server.js -o public/javascripts/server.js -v & watchify client/index.js -o public/javascripts/index.js -v' ]
12 info lifecycle SG50@0.0.1-13~watch: Failed to exec watch script
13 verbose stack Error: SG50@0.0.1-13 watch: `watchify client/server.js -o public/javascripts/server.js -v & watchify client/index.js -o public/javascripts/index.js -v`
13 verbose stack spawn ENOENT
13 verbose stack     at ChildProcess.<anonymous> (/usr/local/lib/node_modules/npm/lib/utils/spawn.js:33:16)
13 verbose stack     at emitTwo (events.js:106:13)
13 verbose stack     at ChildProcess.emit (events.js:191:7)
13 verbose stack     at maybeClose (internal/child_process.js:877:16)
13 verbose stack     at Process.ChildProcess._handle.onexit (internal/child_process.js:226:5)
14 verbose pkgid SG50@0.0.1-13
15 verbose cwd /Users/samitha/Documents/PHD/newAtt/interactiveLights/webapp
16 error Darwin 16.6.0
17 error argv "/usr/local/bin/node" "/usr/local/bin/npm" "run" "watch"
18 error node v6.9.3
19 error npm  v3.10.10
20 error file sh
21 error code ELIFECYCLE
22 error errno ENOENT
23 error syscall spawn
24 error SG50@0.0.1-13 watch: `watchify client/server.js -o public/javascripts/server.js -v & watchify client/index.js -o public/javascripts/index.js -v`
24 error spawn ENOENT
25 error Failed at the SG50@0.0.1-13 watch script 'watchify client/server.js -o public/javascripts/server.js -v & watchify client/index.js -o public/javascripts/index.js -v'.
25 error Make sure you have the latest version of node.js and npm installed.
25 error If you do, this is most likely a problem with the SG50 package,
25 error not with npm itself.
25 error Tell the author that this fails on your system:
25 error     watchify client/server.js -o public/javascripts/server.js -v & watchify client/index.js -o public/javascripts/index.js -v
25 error You can get information on how to open an issue for this project with:
25 error     npm bugs SG50
25 error Or if that isn't available, you can get their info via:
25 error     npm owner ls SG50
25 error There is likely additional logging output above.
26 verbose exit [ 1, true ]
